# Logfile created on 2014-01-11 21:05:14 +0100 by logger.rb/43513
I, [2014-01-11T21:05:14.092022 #96069]  INFO -- : 0:  rake (10.1.1) from /usr/local/rvm/gems/ruby-2.1.0-preview2/specifications/rake-10.1.1.gemspec
I, [2014-01-11T21:05:14.092480 #96069]  INFO -- : 0:  i18n (0.6.9) from /usr/local/rvm/gems/ruby-2.1.0-preview2/specifications/i18n-0.6.9.gemspec
I, [2014-01-11T21:05:14.092769 #96069]  INFO -- : 0:  json (1.8.1) from /usr/local/rvm/rubies/ruby-2.1.0-preview2/lib/ruby/gems/2.1.0/specifications/default/json-1.8.1.gemspec
I, [2014-01-11T21:05:14.093063 #96069]  INFO -- : 0:  minitest (5.2.1) from /usr/local/rvm/gems/ruby-2.1.0-preview2/specifications/minitest-5.2.1.gemspec
I, [2014-01-11T21:05:14.093333 #96069]  INFO -- : 0:  atomic (1.1.14) from /usr/local/rvm/gems/ruby-2.1.0-preview2/specifications/atomic-1.1.14.gemspec
I, [2014-01-11T21:05:14.093590 #96069]  INFO -- : 0:  thread_safe (0.1.3) from /usr/local/rvm/gems/ruby-2.1.0-preview2/specifications/thread_safe-0.1.3.gemspec
I, [2014-01-11T21:05:14.093863 #96069]  INFO -- : 0:  tzinfo (1.1.0) from /usr/local/rvm/gems/ruby-2.1.0-preview2/specifications/tzinfo-1.1.0.gemspec
I, [2014-01-11T21:05:14.094159 #96069]  INFO -- : 0:  activesupport (4.1.0.beta1) from /usr/local/rvm/gems/ruby-2.1.0-preview2/specifications/activesupport-4.1.0.beta1.gemspec
I, [2014-01-11T21:05:14.094428 #96069]  INFO -- : 0:  builder (3.2.2) from /usr/local/rvm/gems/ruby-2.1.0-preview2/specifications/builder-3.2.2.gemspec
I, [2014-01-11T21:05:14.094680 #96069]  INFO -- : 0:  erubis (2.7.0) from /usr/local/rvm/gems/ruby-2.1.0-preview2/specifications/erubis-2.7.0.gemspec
I, [2014-01-11T21:05:14.094937 #96069]  INFO -- : 0:  actionview (4.1.0.beta1) from /usr/local/rvm/gems/ruby-2.1.0-preview2/specifications/actionview-4.1.0.beta1.gemspec
I, [2014-01-11T21:05:14.095203 #96069]  INFO -- : 0:  rack (1.5.2) from /usr/local/rvm/gems/ruby-2.1.0-preview2/specifications/rack-1.5.2.gemspec
I, [2014-01-11T21:05:14.095463 #96069]  INFO -- : 0:  rack-test (0.6.2) from /usr/local/rvm/gems/ruby-2.1.0-preview2/specifications/rack-test-0.6.2.gemspec
I, [2014-01-11T21:05:14.095740 #96069]  INFO -- : 0:  actionpack (4.1.0.beta1) from /usr/local/rvm/gems/ruby-2.1.0-preview2/specifications/actionpack-4.1.0.beta1.gemspec
I, [2014-01-11T21:05:14.096025 #96069]  INFO -- : 0:  mime-types (1.25.1) from /usr/local/rvm/gems/ruby-2.1.0-preview2/specifications/mime-types-1.25.1.gemspec
I, [2014-01-11T21:05:14.096283 #96069]  INFO -- : 0:  polyglot (0.3.3) from /usr/local/rvm/gems/ruby-2.1.0-preview2/specifications/polyglot-0.3.3.gemspec
I, [2014-01-11T21:05:14.096567 #96069]  INFO -- : 0:  treetop (1.4.15) from /usr/local/rvm/gems/ruby-2.1.0-preview2/specifications/treetop-1.4.15.gemspec
I, [2014-01-11T21:05:14.096861 #96069]  INFO -- : 0:  mail (2.5.4) from /usr/local/rvm/gems/ruby-2.1.0-preview2/specifications/mail-2.5.4.gemspec
I, [2014-01-11T21:05:14.097158 #96069]  INFO -- : 0:  actionmailer (4.1.0.beta1) from /usr/local/rvm/gems/ruby-2.1.0-preview2/specifications/actionmailer-4.1.0.beta1.gemspec
I, [2014-01-11T21:05:14.097455 #96069]  INFO -- : 0:  activemodel (4.1.0.beta1) from /usr/local/rvm/gems/ruby-2.1.0-preview2/specifications/activemodel-4.1.0.beta1.gemspec
I, [2014-01-11T21:05:14.098032 #96069]  INFO -- : 0:  arel (5.0.0) from /usr/local/rvm/gems/ruby-2.1.0-preview2/specifications/arel-5.0.0.gemspec
I, [2014-01-11T21:05:14.098329 #96069]  INFO -- : 0:  activerecord (4.1.0.beta1) from /usr/local/rvm/gems/ruby-2.1.0-preview2/specifications/activerecord-4.1.0.beta1.gemspec
I, [2014-01-11T21:05:14.098607 #96069]  INFO -- : 0:  coffee-script-source (1.6.3) from /usr/local/rvm/gems/ruby-2.1.0-preview2/specifications/coffee-script-source-1.6.3.gemspec
I, [2014-01-11T21:05:14.098878 #96069]  INFO -- : 0:  execjs (2.0.2) from /usr/local/rvm/gems/ruby-2.1.0-preview2/specifications/execjs-2.0.2.gemspec
I, [2014-01-11T21:05:14.099136 #96069]  INFO -- : 0:  coffee-script (2.2.0) from /usr/local/rvm/gems/ruby-2.1.0-preview2/specifications/coffee-script-2.2.0.gemspec
I, [2014-01-11T21:05:14.099415 #96069]  INFO -- : 0:  eco-source (1.1.0.rc.1) from /usr/local/rvm/gems/ruby-2.1.0-preview2/specifications/eco-source-1.1.0.rc.1.gemspec
I, [2014-01-11T21:05:14.100782 #96069]  INFO -- : 0:  eco (1.0.0) from /usr/local/rvm/gems/ruby-2.1.0-preview2/specifications/eco-1.0.0.gemspec
I, [2014-01-11T21:05:14.101064 #96069]  INFO -- : 0:  ejs (1.1.1) from /usr/local/rvm/gems/ruby-2.1.0-preview2/specifications/ejs-1.1.1.gemspec
I, [2014-01-11T21:05:14.101344 #96069]  INFO -- : 0:  thor (0.18.1) from /usr/local/rvm/gems/ruby-2.1.0-preview2/specifications/thor-0.18.1.gemspec
I, [2014-01-11T21:05:14.101660 #96069]  INFO -- : 0:  railties (4.1.0.beta1) from /usr/local/rvm/gems/ruby-2.1.0-preview2/specifications/railties-4.1.0.beta1.gemspec
I, [2014-01-11T21:05:14.101983 #96069]  INFO -- : 0:  jquery-rails (3.0.4) from /usr/local/rvm/gems/ruby-2.1.0-preview2/specifications/jquery-rails-3.0.4.gemspec
I, [2014-01-11T21:05:14.104650 #96069]  INFO -- : 0:  bundler (1.5.1) from /usr/local/rvm/gems/ruby-2.1.0-preview2/specifications/bundler-1.5.1.gemspec
I, [2014-01-11T21:05:14.104930 #96069]  INFO -- : 0:  hike (1.2.3) from /usr/local/rvm/gems/ruby-2.1.0-preview2/specifications/hike-1.2.3.gemspec
I, [2014-01-11T21:05:14.105199 #96069]  INFO -- : 0:  multi_json (1.8.2) from /usr/local/rvm/gems/ruby-2.1.0-preview2/specifications/multi_json-1.8.2.gemspec
I, [2014-01-11T21:05:14.105449 #96069]  INFO -- : 0:  tilt (1.4.1) from /usr/local/rvm/gems/ruby-2.1.0-preview2/specifications/tilt-1.4.1.gemspec
I, [2014-01-11T21:05:14.105710 #96069]  INFO -- : 0:  sprockets (2.10.1) from /usr/local/rvm/gems/ruby-2.1.0-preview2/specifications/sprockets-2.10.1.gemspec
I, [2014-01-11T21:05:14.105981 #96069]  INFO -- : 0:  sprockets-rails (2.0.1) from /usr/local/rvm/gems/ruby-2.1.0-preview2/specifications/sprockets-rails-2.0.1.gemspec
I, [2014-01-11T21:05:14.106317 #96069]  INFO -- : 0:  rails (4.1.0.beta1) from /usr/local/rvm/gems/ruby-2.1.0-preview2/specifications/rails-4.1.0.beta1.gemspec
I, [2014-01-11T21:05:14.106568 #96069]  INFO -- : 0:  backbone-on-rails (1.1.0.0) from /usr/local/rvm/gems/ruby-2.1.0-preview2/specifications/backbone-on-rails-1.1.0.0.gemspec
I, [2014-01-11T21:05:14.106831 #96069]  INFO -- : 0:  coffee-rails (4.0.1) from /usr/local/rvm/gems/ruby-2.1.0-preview2/specifications/coffee-rails-4.0.1.gemspec
I, [2014-01-11T21:05:14.107079 #96069]  INFO -- : 0:  jbuilder (1.5.3) from /usr/local/rvm/gems/ruby-2.1.0-preview2/specifications/jbuilder-1.5.3.gemspec
I, [2014-01-11T21:05:14.107327 #96069]  INFO -- : 0:  pg (0.17.1) from /usr/local/rvm/gems/ruby-2.1.0-preview2/specifications/pg-0.17.1.gemspec
I, [2014-01-11T21:05:14.107579 #96069]  INFO -- : 0:  rdoc (3.12.2) from /usr/local/rvm/gems/ruby-2.1.0-preview2/specifications/rdoc-3.12.2.gemspec
I, [2014-01-11T21:05:14.107839 #96069]  INFO -- : 0:  sass (3.2.13) from /usr/local/rvm/gems/ruby-2.1.0-preview2/specifications/sass-3.2.13.gemspec
I, [2014-01-11T21:05:14.108108 #96069]  INFO -- : 0:  sass-rails (4.0.1) from /usr/local/rvm/gems/ruby-2.1.0-preview2/specifications/sass-rails-4.0.1.gemspec
I, [2014-01-11T21:05:14.108380 #96069]  INFO -- : 0:  sdoc (0.3.20) from /usr/local/rvm/gems/ruby-2.1.0-preview2/specifications/sdoc-0.3.20.gemspec
I, [2014-01-11T21:05:14.108632 #96069]  INFO -- : 0:  spring (1.0.0) from /usr/local/rvm/gems/ruby-2.1.0-preview2/specifications/spring-1.0.0.gemspec
I, [2014-01-11T21:05:14.108891 #96069]  INFO -- : 0:  sqlite3 (1.3.8) from /usr/local/rvm/gems/ruby-2.1.0-preview2/specifications/sqlite3-1.3.8.gemspec
I, [2014-01-11T21:05:14.109157 #96069]  INFO -- : 0:  uglifier (2.4.0) from /usr/local/rvm/gems/ruby-2.1.0-preview2/specifications/uglifier-2.4.0.gemspec
I, [2014-01-11T21:18:27.256790 #97270]  INFO -- : 0:  rake (10.1.1) from /usr/local/rvm/gems/ruby-2.1.0-preview2/specifications/rake-10.1.1.gemspec
I, [2014-01-11T21:18:27.257429 #97270]  INFO -- : 0:  i18n (0.6.9) from /usr/local/rvm/gems/ruby-2.1.0-preview2/specifications/i18n-0.6.9.gemspec
I, [2014-01-11T21:18:27.257864 #97270]  INFO -- : 0:  json (1.8.1) from /usr/local/rvm/rubies/ruby-2.1.0-preview2/lib/ruby/gems/2.1.0/specifications/default/json-1.8.1.gemspec
I, [2014-01-11T21:18:27.258312 #97270]  INFO -- : 0:  minitest (5.2.1) from /usr/local/rvm/gems/ruby-2.1.0-preview2/specifications/minitest-5.2.1.gemspec
I, [2014-01-11T21:18:27.258729 #97270]  INFO -- : 0:  atomic (1.1.14) from /usr/local/rvm/gems/ruby-2.1.0-preview2/specifications/atomic-1.1.14.gemspec
I, [2014-01-11T21:18:27.259136 #97270]  INFO -- : 0:  thread_safe (0.1.3) from /usr/local/rvm/gems/ruby-2.1.0-preview2/specifications/thread_safe-0.1.3.gemspec
I, [2014-01-11T21:18:27.259549 #97270]  INFO -- : 0:  tzinfo (1.1.0) from /usr/local/rvm/gems/ruby-2.1.0-preview2/specifications/tzinfo-1.1.0.gemspec
I, [2014-01-11T21:18:27.259985 #97270]  INFO -- : 0:  activesupport (4.1.0.beta1) from /usr/local/rvm/gems/ruby-2.1.0-preview2/specifications/activesupport-4.1.0.beta1.gemspec
I, [2014-01-11T21:18:27.260394 #97270]  INFO -- : 0:  builder (3.2.2) from /usr/local/rvm/gems/ruby-2.1.0-preview2/specifications/builder-3.2.2.gemspec
I, [2014-01-11T21:18:27.260773 #97270]  INFO -- : 0:  erubis (2.7.0) from /usr/local/rvm/gems/ruby-2.1.0-preview2/specifications/erubis-2.7.0.gemspec
I, [2014-01-11T21:18:27.261116 #97270]  INFO -- : 0:  actionview (4.1.0.beta1) from /usr/local/rvm/gems/ruby-2.1.0-preview2/specifications/actionview-4.1.0.beta1.gemspec
I, [2014-01-11T21:18:27.261480 #97270]  INFO -- : 0:  rack (1.5.2) from /usr/local/rvm/gems/ruby-2.1.0-preview2/specifications/rack-1.5.2.gemspec
I, [2014-01-11T21:18:27.261825 #97270]  INFO -- : 0:  rack-test (0.6.2) from /usr/local/rvm/gems/ruby-2.1.0-preview2/specifications/rack-test-0.6.2.gemspec
I, [2014-01-11T21:18:27.262194 #97270]  INFO -- : 0:  actionpack (4.1.0.beta1) from /usr/local/rvm/gems/ruby-2.1.0-preview2/specifications/actionpack-4.1.0.beta1.gemspec
I, [2014-01-11T21:18:27.262562 #97270]  INFO -- : 0:  mime-types (1.25.1) from /usr/local/rvm/gems/ruby-2.1.0-preview2/specifications/mime-types-1.25.1.gemspec
I, [2014-01-11T21:18:27.262901 #97270]  INFO -- : 0:  polyglot (0.3.3) from /usr/local/rvm/gems/ruby-2.1.0-preview2/specifications/polyglot-0.3.3.gemspec
I, [2014-01-11T21:18:27.263218 #97270]  INFO -- : 0:  treetop (1.4.15) from /usr/local/rvm/gems/ruby-2.1.0-preview2/specifications/treetop-1.4.15.gemspec
I, [2014-01-11T21:18:27.263475 #97270]  INFO -- : 0:  mail (2.5.4) from /usr/local/rvm/gems/ruby-2.1.0-preview2/specifications/mail-2.5.4.gemspec
I, [2014-01-11T21:18:27.263749 #97270]  INFO -- : 0:  actionmailer (4.1.0.beta1) from /usr/local/rvm/gems/ruby-2.1.0-preview2/specifications/actionmailer-4.1.0.beta1.gemspec
I, [2014-01-11T21:18:27.264022 #97270]  INFO -- : 0:  activemodel (4.1.0.beta1) from /usr/local/rvm/gems/ruby-2.1.0-preview2/specifications/activemodel-4.1.0.beta1.gemspec
I, [2014-01-11T21:18:27.264286 #97270]  INFO -- : 0:  arel (5.0.0) from /usr/local/rvm/gems/ruby-2.1.0-preview2/specifications/arel-5.0.0.gemspec
I, [2014-01-11T21:18:27.264562 #97270]  INFO -- : 0:  activerecord (4.1.0.beta1) from /usr/local/rvm/gems/ruby-2.1.0-preview2/specifications/activerecord-4.1.0.beta1.gemspec
I, [2014-01-11T21:18:27.264829 #97270]  INFO -- : 0:  coffee-script-source (1.6.3) from /usr/local/rvm/gems/ruby-2.1.0-preview2/specifications/coffee-script-source-1.6.3.gemspec
I, [2014-01-11T21:18:27.265091 #97270]  INFO -- : 0:  execjs (2.0.2) from /usr/local/rvm/gems/ruby-2.1.0-preview2/specifications/execjs-2.0.2.gemspec
I, [2014-01-11T21:18:27.265342 #97270]  INFO -- : 0:  coffee-script (2.2.0) from /usr/local/rvm/gems/ruby-2.1.0-preview2/specifications/coffee-script-2.2.0.gemspec
I, [2014-01-11T21:18:27.265585 #97270]  INFO -- : 0:  eco-source (1.1.0.rc.1) from /usr/local/rvm/gems/ruby-2.1.0-preview2/specifications/eco-source-1.1.0.rc.1.gemspec
I, [2014-01-11T21:18:27.265852 #97270]  INFO -- : 0:  eco (1.0.0) from /usr/local/rvm/gems/ruby-2.1.0-preview2/specifications/eco-1.0.0.gemspec
I, [2014-01-11T21:18:27.266095 #97270]  INFO -- : 0:  ejs (1.1.1) from /usr/local/rvm/gems/ruby-2.1.0-preview2/specifications/ejs-1.1.1.gemspec
I, [2014-01-11T21:18:27.266354 #97270]  INFO -- : 0:  thor (0.18.1) from /usr/local/rvm/gems/ruby-2.1.0-preview2/specifications/thor-0.18.1.gemspec
I, [2014-01-11T21:18:27.266642 #97270]  INFO -- : 0:  railties (4.1.0.beta1) from /usr/local/rvm/gems/ruby-2.1.0-preview2/specifications/railties-4.1.0.beta1.gemspec
I, [2014-01-11T21:18:27.266908 #97270]  INFO -- : 0:  jquery-rails (3.0.4) from /usr/local/rvm/gems/ruby-2.1.0-preview2/specifications/jquery-rails-3.0.4.gemspec
I, [2014-01-11T21:18:27.267145 #97270]  INFO -- : 0:  bundler (1.5.1) from /usr/local/rvm/gems/ruby-2.1.0-preview2/specifications/bundler-1.5.1.gemspec
I, [2014-01-11T21:18:27.267410 #97270]  INFO -- : 0:  hike (1.2.3) from /usr/local/rvm/gems/ruby-2.1.0-preview2/specifications/hike-1.2.3.gemspec
I, [2014-01-11T21:18:27.267692 #97270]  INFO -- : 0:  multi_json (1.8.2) from /usr/local/rvm/gems/ruby-2.1.0-preview2/specifications/multi_json-1.8.2.gemspec
I, [2014-01-11T21:18:27.267984 #97270]  INFO -- : 0:  tilt (1.4.1) from /usr/local/rvm/gems/ruby-2.1.0-preview2/specifications/tilt-1.4.1.gemspec
I, [2014-01-11T21:18:27.268256 #97270]  INFO -- : 0:  sprockets (2.10.1) from /usr/local/rvm/gems/ruby-2.1.0-preview2/specifications/sprockets-2.10.1.gemspec
I, [2014-01-11T21:18:27.268536 #97270]  INFO -- : 0:  sprockets-rails (2.0.1) from /usr/local/rvm/gems/ruby-2.1.0-preview2/specifications/sprockets-rails-2.0.1.gemspec
I, [2014-01-11T21:18:27.268829 #97270]  INFO -- : 0:  rails (4.1.0.beta1) from /usr/local/rvm/gems/ruby-2.1.0-preview2/specifications/rails-4.1.0.beta1.gemspec
I, [2014-01-11T21:18:27.269085 #97270]  INFO -- : 0:  backbone-on-rails (1.1.0.0) from /usr/local/rvm/gems/ruby-2.1.0-preview2/specifications/backbone-on-rails-1.1.0.0.gemspec
I, [2014-01-11T21:18:27.269342 #97270]  INFO -- : 0:  coffee-rails (4.0.1) from /usr/local/rvm/gems/ruby-2.1.0-preview2/specifications/coffee-rails-4.0.1.gemspec
I, [2014-01-11T21:18:27.269600 #97270]  INFO -- : 0:  jbuilder (1.5.3) from /usr/local/rvm/gems/ruby-2.1.0-preview2/specifications/jbuilder-1.5.3.gemspec
I, [2014-01-11T21:18:27.269845 #97270]  INFO -- : 0:  pg (0.17.1) from /usr/local/rvm/gems/ruby-2.1.0-preview2/specifications/pg-0.17.1.gemspec
I, [2014-01-11T21:18:27.270099 #97270]  INFO -- : 0:  rdoc (3.12.2) from /usr/local/rvm/gems/ruby-2.1.0-preview2/specifications/rdoc-3.12.2.gemspec
I, [2014-01-11T21:18:27.270360 #97270]  INFO -- : 0:  sass (3.2.13) from /usr/local/rvm/gems/ruby-2.1.0-preview2/specifications/sass-3.2.13.gemspec
I, [2014-01-11T21:18:27.270617 #97270]  INFO -- : 0:  sass-rails (4.0.1) from /usr/local/rvm/gems/ruby-2.1.0-preview2/specifications/sass-rails-4.0.1.gemspec
I, [2014-01-11T21:18:27.270861 #97270]  INFO -- : 0:  sdoc (0.3.20) from /usr/local/rvm/gems/ruby-2.1.0-preview2/specifications/sdoc-0.3.20.gemspec
I, [2014-01-11T21:18:27.271108 #97270]  INFO -- : 0:  spring (1.0.0) from /usr/local/rvm/gems/ruby-2.1.0-preview2/specifications/spring-1.0.0.gemspec
I, [2014-01-11T21:18:27.271357 #97270]  INFO -- : 0:  sqlite3 (1.3.8) from /usr/local/rvm/gems/ruby-2.1.0-preview2/specifications/sqlite3-1.3.8.gemspec
I, [2014-01-11T21:18:27.271618 #97270]  INFO -- : 0:  uglifier (2.4.0) from /usr/local/rvm/gems/ruby-2.1.0-preview2/specifications/uglifier-2.4.0.gemspec
